merged_app/app/build/intermediates/manifest_merge_blame_file/debug/processDebugMainManifest/manifest-merger-blame-debug-report.txt
1<?xml version="1.0" encoding="utf-8"?>
2<manifest xmlns:android="http://schemas.android.com/apk/res/android"
3    package="com.balancecar.bluetoothremote"
4    android:versionCode="1"
5    android:versionName="1.0" >
6
7    <uses-sdk
8        android:minSdkVersion="23"
9        android:targetSdkVersion="35" />
10
11    <uses-permission
11-->src\main\AndroidManifest.xml:2:5-95
12        android:name="android.permission.BLUETOOTH"
12-->src\main\AndroidManifest.xml:2:22-65
13        android:maxSdkVersion="30" />
13-->src\main\AndroidManifest.xml:2:66-92
14    <uses-permission
14-->src\main\AndroidManifest.xml:3:5-101
15        android:name="android.permission.BLUETOOTH_ADMIN"
15-->src\main\AndroidManifest.xml:3:22-71
16        android:maxSdkVersion="30" />
16-->src\main\AndroidManifest.xml:3:72-98
17    <uses-permission
17-->src\main\AndroidManifest.xml:4:5-106
18        android:name="android.permission.ACCESS_FINE_LOCATION"
18-->src\main\AndroidManifest.xml:4:22-76
19        android:maxSdkVersion="30" />
19-->src\main\AndroidManifest.xml:4:77-103
20    <uses-permission android:name="android.permission.BLUETOOTH_CONNECT" />
20-->src\main\AndroidManifest.xml:5:5-76
20-->src\main\AndroidManifest.xml:5:22-73
21    <uses-permission android:name="android.permission.BLUETOOTH_SCAN" />
21-->src\main\AndroidManifest.xml:6:5-73
21-->src\main\AndroidManifest.xml:6:22-70
22
23    <application
23-->src\main\AndroidManifest.xml:8:5-23:19
24        android:allowBackup="true"
24-->src\main\AndroidManifest.xml:9:9-35
25        android:debuggable="true"
26        android:extractNativeLibs="false"
27        android:label="Balance Car"
27-->src\main\AndroidManifest.xml:10:9-36
28        android:supportsRtl="true"
28-->src\main\AndroidManifest.xml:11:9-35
29        android:theme="@style/AppTheme" >
29-->src\main\AndroidManifest.xml:12:9-40
30        <activity
30-->src\main\AndroidManifest.xml:13:9-22:20
31            android:name="com.balancecar.bluetoothremote.MainActivity"
31-->src\main\AndroidManifest.xml:14:13-41
32            android:configChanges="keyboardHidden|orientation|screenSize"
32-->src\main\AndroidManifest.xml:16:13-74
33            android:exported="true"
33-->src\main\AndroidManifest.xml:15:13-36
34            android:screenOrientation="unspecified" >
34-->src\main\AndroidManifest.xml:17:13-52
35            <intent-filter>
35-->src\main\AndroidManifest.xml:18:13-21:29
36                <action android:name="android.intent.action.MAIN" />
36-->src\main\AndroidManifest.xml:19:17-69
36-->src\main\AndroidManifest.xml:19:25-66
37
38                <category android:name="android.intent.category.LAUNCHER" />
38-->src\main\AndroidManifest.xml:20:17-77
38-->src\main\AndroidManifest.xml:20:27-74
39            </intent-filter>
40        </activity>
41    </application>
42
43</manifest>